Added Component: Designator=C1(C 0805)
Added Component: Designator=C2(C 0805)
Added Component: Designator=C3(C 0805)
Added Component: Designator=C4(C 0805)
Added Component: Designator=C5(C 0805)
Added Component: Designator=C6(C 0805)
Added Component: Designator=C7(C 0805)
Added Component: Designator=C8(C 0805)
Added Component: Designator=C9(C 0805)
Added Component: Designator=C10(C 0805)
Added Component: Designator=C11(CD B(3528))
Added Component: Designator=C12(CD B(3528))
Added Component: Designator=C13(C 0805)
Added Component: Designator=C14(C 0805)
Added Component: Designator=C15(C 0805)
Added Component: Designator=C16(C 0805)
Added Component: Designator=D1(LED_0805)
Added Component: Designator=D2(LED_0805)
Added Component: Designator=D3(LED_0805)
Added Component: Designator=D4(LED_0805)
Added Component: Designator=J1(USB_MICRO)
Added Component: Designator=K1(KEY 3.6*2.5 SMD)
Added Component: Designator=KEY1(CSW1.27 SMD-2P)
Added Component: Designator=L1(L 0805)
Added Component: Designator=P1(HDR2.54-M-LI-4P)
Added Component: Designator=P2(HDR2.54-M-LI-2P)
Added Component: Designator=R1(R 0805)
Added Component: Designator=R2(R 0805)
Added Component: Designator=R3(R 0603)
Added Component: Designator=R4(R 0805)
Added Component: Designator=R5(R 0805)
Added Component: Designator=R6(R 0805)
Added Component: Designator=R7(R 0805)
Added Component: Designator=R8(R 0805)
Added Component: Designator=R9(R 0805)
Added Component: Designator=R10(R 0805)
Added Component: Designator=R11(R 0805)
Added Component: Designator=R12(R 0805)
Added Component: Designator=R13(R 0805)
Added Component: Designator=R14(R 0805)
Added Component: Designator=R15(R 0805)
Added Component: Designator=SW1(MX_SW-4)
Added Component: Designator=SW2(MX_SW-4)
Added Component: Designator=SW3(MX_SW-4)
Added Component: Designator=U1(LQFP48)
Added Component: Designator=U2(SOT223_N)
Added Component: Designator=Y1(XTAL-5032)
Added Pin To Net: NetName=5V Pin=C11-1
Added Pin To Net: NetName=5V Pin=C13-2
Added Pin To Net: NetName=5V Pin=J1-1
Added Pin To Net: NetName=5V Pin=U2-3
Added Net: Name=5V
Added Pin To Net: NetName=BOOT0 Pin=C15-2
Added Pin To Net: NetName=BOOT0 Pin=KEY1-2
Added Pin To Net: NetName=BOOT0 Pin=R3-2
Added Pin To Net: NetName=BOOT0 Pin=R10-1
Added Net: Name=BOOT0
Added Pin To Net: NetName=BOOT1 Pin=C16-2
Added Pin To Net: NetName=BOOT1 Pin=KEY1-1
Added Pin To Net: NetName=BOOT1 Pin=R9-1
Added Pin To Net: NetName=BOOT1 Pin=R11-1
Added Net: Name=BOOT1
Added Pin To Net: NetName=GND_D Pin=C9-1
Added Pin To Net: NetName=GND_D Pin=C11-2
Added Pin To Net: NetName=GND_D Pin=C12-2
Added Pin To Net: NetName=GND_D Pin=C13-1
Added Pin To Net: NetName=GND_D Pin=C14-1
Added Pin To Net: NetName=GND_D Pin=U1-23
Added Pin To Net: NetName=GND_D Pin=U2-1
Added Net: Name=GND_D
Added Pin To Net: NetName=GND Pin=C1-1
Added Pin To Net: NetName=GND Pin=C2-2
Added Pin To Net: NetName=GND Pin=C3-1
Added Pin To Net: NetName=GND Pin=C4-1
Added Pin To Net: NetName=GND Pin=C5-2
Added Pin To Net: NetName=GND Pin=C6-2
Added Pin To Net: NetName=GND Pin=C7-1
Added Pin To Net: NetName=GND Pin=C8-2
Added Pin To Net: NetName=GND Pin=C10-1
Added Pin To Net: NetName=GND Pin=C15-1
Added Pin To Net: NetName=GND Pin=C16-1
Added Pin To Net: NetName=GND Pin=J1-5
Added Pin To Net: NetName=GND Pin=K1-1
Added Pin To Net: NetName=GND Pin=KEY1-3
Added Pin To Net: NetName=GND Pin=KEY1-4
Added Pin To Net: NetName=GND Pin=P1-4
Added Pin To Net: NetName=GND Pin=R8-2
Added Pin To Net: NetName=GND Pin=R12-1
Added Pin To Net: NetName=GND Pin=SW1-1
Added Pin To Net: NetName=GND Pin=SW2-1
Added Pin To Net: NetName=GND Pin=SW3-1
Added Pin To Net: NetName=GND Pin=U1-8
Added Pin To Net: NetName=GND Pin=U1-35
Added Pin To Net: NetName=GND Pin=U1-47
Added Net: Name=GND
Added Pin To Net: NetName=LED1 Pin=R13-1
Added Pin To Net: NetName=LED1 Pin=U1-10
Added Net: Name=LED1
Added Pin To Net: NetName=LED2 Pin=R14-1
Added Pin To Net: NetName=LED2 Pin=U1-11
Added Net: Name=LED2
Added Pin To Net: NetName=LED3 Pin=R15-1
Added Pin To Net: NetName=LED3 Pin=U1-12
Added Net: Name=LED3
Added Pin To Net: NetName=NetC5_1 Pin=C5-1
Added Pin To Net: NetName=NetC5_1 Pin=U1-5
Added Pin To Net: NetName=NetC5_1 Pin=Y1-2
Added Net: Name=NetC5_1
Added Pin To Net: NetName=NetC6_1 Pin=C6-1
Added Pin To Net: NetName=NetC6_1 Pin=U1-6
Added Pin To Net: NetName=NetC6_1 Pin=Y1-1
Added Net: Name=NetC6_1
Added Pin To Net: NetName=NetC8_1 Pin=C8-1
Added Pin To Net: NetName=NetC8_1 Pin=L1-2
Added Pin To Net: NetName=NetC8_1 Pin=U1-9
Added Net: Name=NetC8_1
Added Pin To Net: NetName=NetD1_2 Pin=D1-2
Added Pin To Net: NetName=NetD1_2 Pin=R12-2
Added Net: Name=NetD1_2
Added Pin To Net: NetName=NetD2_2 Pin=D2-2
Added Pin To Net: NetName=NetD2_2 Pin=R13-2
Added Net: Name=NetD2_2
Added Pin To Net: NetName=NetD3_2 Pin=D3-2
Added Pin To Net: NetName=NetD3_2 Pin=R14-2
Added Net: Name=NetD3_2
Added Pin To Net: NetName=NetD4_2 Pin=D4-2
Added Pin To Net: NetName=NetD4_2 Pin=R15-2
Added Net: Name=NetD4_2
Added Pin To Net: NetName=NetR3_1 Pin=R3-1
Added Pin To Net: NetName=NetR3_1 Pin=U1-44
Added Net: Name=NetR3_1
Added Pin To Net: NetName=NetR9_2 Pin=R9-2
Added Pin To Net: NetName=NetR9_2 Pin=U1-20
Added Net: Name=NetR9_2
Added Pin To Net: NetName=RESET Pin=C1-2
Added Pin To Net: NetName=RESET Pin=K1-2
Added Pin To Net: NetName=RESET Pin=R1-2
Added Pin To Net: NetName=RESET Pin=U1-7
Added Net: Name=RESET
Added Pin To Net: NetName=SW1 Pin=C3-2
Added Pin To Net: NetName=SW1 Pin=R2-2
Added Pin To Net: NetName=SW1 Pin=SW1-2
Added Pin To Net: NetName=SW1 Pin=U1-27
Added Net: Name=SW1
Added Pin To Net: NetName=SW2 Pin=C7-2
Added Pin To Net: NetName=SW2 Pin=R4-2
Added Pin To Net: NetName=SW2 Pin=SW2-2
Added Pin To Net: NetName=SW2 Pin=U1-26
Added Net: Name=SW2
Added Pin To Net: NetName=SW3 Pin=C10-2
Added Pin To Net: NetName=SW3 Pin=R6-2
Added Pin To Net: NetName=SW3 Pin=SW3-2
Added Pin To Net: NetName=SW3 Pin=U1-25
Added Net: Name=SW3
Added Pin To Net: NetName=SWCLK Pin=P1-3
Added Pin To Net: NetName=SWCLK Pin=R8-1
Added Pin To Net: NetName=SWCLK Pin=U1-37
Added Net: Name=SWCLK
Added Pin To Net: NetName=SWDIO Pin=P1-2
Added Pin To Net: NetName=SWDIO Pin=U1-34
Added Net: Name=SWDIO
Added Pin To Net: NetName=UART1_RX Pin=P2-1
Added Pin To Net: NetName=UART1_RX Pin=U1-31
Added Net: Name=UART1_RX
Added Pin To Net: NetName=UART1_TX Pin=P2-2
Added Pin To Net: NetName=UART1_TX Pin=U1-30
Added Net: Name=UART1_TX
Added Pin To Net: NetName=USB_DM Pin=J1-2
Added Pin To Net: NetName=USB_DM Pin=U1-32
Added Net: Name=USB_DM
Added Pin To Net: NetName=USB_DP Pin=J1-3
Added Pin To Net: NetName=USB_DP Pin=J1-3
Added Pin To Net: NetName=USB_DP Pin=J1-3
Added Pin To Net: NetName=USB_DP Pin=R5-1
Added Pin To Net: NetName=USB_DP Pin=U1-33
Added Net: Name=USB_DP
Added Pin To Net: NetName=VCC3V3 Pin=C2-1
Added Pin To Net: NetName=VCC3V3 Pin=C4-2
Added Pin To Net: NetName=VCC3V3 Pin=C9-2
Added Pin To Net: NetName=VCC3V3 Pin=C12-1
Added Pin To Net: NetName=VCC3V3 Pin=C14-2
Added Pin To Net: NetName=VCC3V3 Pin=D1-1
Added Pin To Net: NetName=VCC3V3 Pin=D2-1
Added Pin To Net: NetName=VCC3V3 Pin=D3-1
Added Pin To Net: NetName=VCC3V3 Pin=D4-1
Added Pin To Net: NetName=VCC3V3 Pin=L1-1
Added Pin To Net: NetName=VCC3V3 Pin=P1-1
Added Pin To Net: NetName=VCC3V3 Pin=R1-1
Added Pin To Net: NetName=VCC3V3 Pin=R2-1
Added Pin To Net: NetName=VCC3V3 Pin=R4-1
Added Pin To Net: NetName=VCC3V3 Pin=R5-2
Added Pin To Net: NetName=VCC3V3 Pin=R6-1
Added Pin To Net: NetName=VCC3V3 Pin=R7-1
Added Pin To Net: NetName=VCC3V3 Pin=R10-2
Added Pin To Net: NetName=VCC3V3 Pin=R11-2
Added Pin To Net: NetName=VCC3V3 Pin=U1-24
Added Pin To Net: NetName=VCC3V3 Pin=U1-36
Added Pin To Net: NetName=VCC3V3 Pin=U1-48
Added Pin To Net: NetName=VCC3V3 Pin=U2-2
Added Pin To Net: NetName=VCC3V3 Pin=U2-2
Added Net: Name=VCC3V3
Added Class: Name=KeyBoard
Added Room: Name=KeyBoard
